#
# There is insufficient memory for the Java Runtime Environment to continue.
# Native memory allocation (mmap) failed to map 264241152 bytes for G1 virtual space
# Possible reasons:
#   The system is out of physical RAM or swap space
#   The process is running with CompressedOops enabled, and the Java Heap may be blocking the growth of the native heap
# Possible solutions:
#   Reduce memory load on the system
#   Increase physical memory or swap space
#   Check if swap backing store is full
#   Decrease Java heap size (-Xmx/-Xms)
#   Decrease number of Java threads
#   Decrease Java thread stack sizes (-Xss)
#   Set larger code cache with -XX:ReservedCodeCacheSize=
#   JVM is running with Zero Based Compressed Oops mode in which the Java heap is
#     placed in the first 32GB address space. The Java Heap base address is the
#     maximum limit for the native heap growth. Please use -XX:HeapBaseMinAddress
#     to set the Java Heap base and to place the Java Heap above 32GB virtual address.
# This output file may be truncated or incomplete.
#
#  Out of Memory Error (os_windows.cpp:3551), pid=9040, tid=27192
#
# JRE version:  (17.0.15+9) (build )
# Java VM: Java HotSpot(TM) 64-Bit Server VM (17.0.15+9-LTS-241, mixed mode, sharing, tiered, compressed oops, compressed class ptrs, g1 gc, windows-amd64)
# No core dump will be written. Minidumps are not enabled by default on client versions of Windows
#

---------------  S U M M A R Y ------------

Command Line: -ea -Dfile.encoding=UTF-8 -Dstdout.encoding=UTF-8 -Dstderr.encoding=UTF-8 -XX:+ShowCodeDetailsInExceptionMessages org.testng.remote.RemoteTestNG -serport 61594 -protocol json -d C:\Users\salma\git\GroceryApplication\GroceryApplication\test-output C:\Users\salma\git\GroceryApplication\GroceryApplication\paralleltesting_methods.xml

Host: 11th Gen Intel(R) Core(TM) i5-1155G7 @ 2.50GHz, 8 cores, 15G,  Windows 11 , 64 bit Build 26100 (10.0.26100.7019)
Time: Tue Dec  9 12:10:40 2025 India Standard Time elapsed time: 0.013941 seconds (0d 0h 0m 0s)

---------------  T H R E A D  ---------------

Current thread (0x0000023881c48940):  JavaThread "Unknown thread" [_thread_in_vm, id=27192, stack(0x0000008363200000,0x0000008363300000)]

Stack: [0x0000008363200000,0x0000008363300000]
Native frames: (J=compiled Java code, j=interpreted, Vv=VM code, C=native code)
V  [jvm.dll+0x67a46a]
V  [jvm.dll+0x7da6ad]
V  [jvm.dll+0x7dbff3]
V  [jvm.dll+0x7dc663]
V  [jvm.dll+0x24523f]
V  [jvm.dll+0x677499]
V  [jvm.dll+0x66c122]
V  [jvm.dll+0x302156]
V  [jvm.dll+0x3096f6]
V  [jvm.dll+0x35a04e]
V  [jvm.dll+0x35a27f]
V  [jvm.dll+0x2d9228]
V  [jvm.dll+0x2da194]
V  [jvm.dll+0x7ace91]
V  [jvm.dll+0x3678b1]
V  [jvm.dll+0x78be69]
V  [jvm.dll+0x3ecc6e]
V  [jvm.dll+0x3ee8a1]
C  [jli.dll+0x5297]
C  [ucrtbase.dll+0x37b0]
C  [KERNEL32.DLL+0x2e8d7]
C  [ntdll.dll+0x8c53c]


---------------  P R O C E S S  ---------------

Threads class SMR info:
_java_thread_list=0x00007ffc08628a18, length=0, elements={
}

Java Threads: ( => current thread )

Other Threads:
  0x0000023881cb40c0 GCTaskThread "GC Thread#0" [stack: 0x0000008363300000,0x0000008363400000] [id=30600]
  0x0000023881cc5f90 ConcurrentGCThread "G1 Main Marker" [stack: 0x0000008363400000,0x0000008363500000] [id=2976]
  0x0000023881cc68b0 ConcurrentGCThread "G1 Conc#0" [stack: 0x0000008363500000,0x0000008363600000] [id=31940]

[error occurred during error reporting (printing all threads), id 0xc0000005, EXCEPTION_ACCESS_VIOLATION (0xc0000005) at pc=0x00007ffc07e59d17]

VM state: not at safepoint (not fully initialized)

VM Mutex/Monitor currently owned by a thread:  ([mutex/lock_event])
[0x0000023881c44e00] Heap_lock - owner thread: 0x0000023881c48940

Heap address: 0x0000000704000000, size: 4032 MB, Compressed Oops mode: Zero based, Oop shift amount: 3

CDS archive(s) mapped at: [0x0000000000000000-0x0000000000000000-0x0000000000000000), size 0, SharedBaseAddress: 0x0000000800000000, ArchiveRelocationMode: 1.
Narrow klass base: 0x0000000000000000, Narrow klass shift: 0, Narrow klass range: 0x0

GC Precious Log:
<Empty>

Heap:
 garbage-first heap   total 0K, used 0K [0x0000000704000000, 0x0000000800000000)
  region size 2048K, 0 young (0K), 0 survivors (0K)

[error occurred during error reporting (printing heap information), id 0xc0000005, EXCEPTION_ACCESS_VIOLATION (0xc0000005) at pc=0x00007ffc08243c09]

GC Heap History (0 events):
No events

Deoptimization events (0 events):
No events

Classes unloaded (0 events):
No events

Classes redefined (0 events):
No events

Internal exceptions (0 events):
No events

VM Operations (0 events):
No events

Events (1 events):
Event: 0.006 Loaded shared library C:\Program Files\Java\jdk-17\bin\java.dll


Dynamic libraries:
0x00007ff784950000 - 0x00007ff784960000 	C:\Program Files\Java\jdk-17\bin\javaw.exe
0x00007ffc31060000 - 0x00007ffc312c8000 	C:\WINDOWS\SYSTEM32\ntdll.dll
0x00007ffc2f590000 - 0x00007ffc2f659000 	C:\WINDOWS\System32\KERNEL32.DLL
0x00007ffc2e6a0000 - 0x00007ffc2ea98000 	C:\WINDOWS\System32\KERNELBASE.dll
0x00007ffc2ec80000 - 0x00007ffc2edcb000 	C:\WINDOWS\System32\ucrtbase.dll
0x00007ffc088d0000 - 0x00007ffc088e9000 	C:\Program Files\Java\jdk-17\bin\jli.dll
0x00007ffc088b0000 - 0x00007ffc088cb000 	C:\Program Files\Java\jdk-17\bin\VCRUNTIME140.dll
0x00007ffc30f30000 - 0x00007ffc30fe4000 	C:\WINDOWS\System32\ADVAPI32.dll
0x00007ffc30e30000 - 0x00007ffc30ed9000 	C:\WINDOWS\System32\msvcrt.dll
0x00007ffc305c0000 - 0x00007ffc30666000 	C:\WINDOWS\System32\sechost.dll
0x00007ffc2f470000 - 0x00007ffc2f588000 	C:\WINDOWS\System32\RPCRT4.dll
0x00007ffc2f660000 - 0x00007ffc2f827000 	C:\WINDOWS\System32\USER32.dll
0x00007ffc2edd0000 - 0x00007ffc2edf7000 	C:\WINDOWS\System32\win32u.dll
0x00007ffc19a20000 - 0x00007ffc19cb4000 	C:\WINDOWS\WinSxS\amd64_microsoft.windows.common-controls_6595b64144ccf1df_6.0.26100.7019_none_3e06ffa0e335b8a8\COMCTL32.dll
0x00007ffc2f850000 - 0x00007ffc2f87b000 	C:\WINDOWS\System32\GDI32.dll
0x00007ffc2eaa0000 - 0x00007ffc2ebcc000 	C:\WINDOWS\System32\gdi32full.dll
0x00007ffc2e5f0000 - 0x00007ffc2e693000 	C:\WINDOWS\System32\msvcp_win.dll
0x00007ffc253e0000 - 0x00007ffc253eb000 	C:\WINDOWS\SYSTEM32\VERSION.dll
0x00007ffc30580000 - 0x00007ffc305b1000 	C:\WINDOWS\System32\IMM32.DLL
0x00007ffc087f0000 - 0x00007ffc087fc000 	C:\Program Files\Java\jdk-17\bin\vcruntime140_1.dll
0x00007ffc08760000 - 0x00007ffc087ee000 	C:\Program Files\Java\jdk-17\bin\msvcp140.dll
0x00007ffc07b70000 - 0x00007ffc08751000 	C:\Program Files\Java\jdk-17\bin\server\jvm.dll
0x00007ffc2f900000 - 0x00007ffc2f908000 	C:\WINDOWS\System32\PSAPI.DLL
0x00007ffc07b60000 - 0x00007ffc07b6a000 	C:\WINDOWS\SYSTEM32\WSOCK32.dll
0x00007ffc256b0000 - 0x00007ffc256e5000 	C:\WINDOWS\SYSTEM32\WINMM.dll
0x00007ffc306d0000 - 0x00007ffc30744000 	C:\WINDOWS\System32\WS2_32.dll
0x00007ffc2cf70000 - 0x00007ffc2cf8b000 	C:\WINDOWS\SYSTEM32\kernel.appcore.dll
0x00007ffc07b50000 - 0x00007ffc07b5a000 	C:\Program Files\Java\jdk-17\bin\jimage.dll
0x00007ffc2b830000 - 0x00007ffc2ba72000 	C:\WINDOWS\SYSTEM32\DBGHELP.DLL
0x00007ffc30aa0000 - 0x00007ffc30e2b000 	C:\WINDOWS\System32\combase.dll
0x00007ffc30900000 - 0x00007ffc309d7000 	C:\WINDOWS\System32\OLEAUT32.dll
0x00007ffc07b10000 - 0x00007ffc07b4c000 	C:\WINDOWS\SYSTEM32\dbgcore.DLL
0x00007ffc2ebd0000 - 0x00007ffc2ec75000 	C:\WINDOWS\System32\bcryptPrimitives.dll
0x00007ffc079f0000 - 0x00007ffc07a15000 	C:\Program Files\Java\jdk-17\bin\java.dll

dbghelp: loaded successfully - version: 4.0.5 - missing functions: none
symbol engine: initialized successfully - sym options: 0x614 - pdb path: .;C:\Program Files\Java\jdk-17\bin;C:\WINDOWS\SYSTEM32;C:\WINDOWS\WinSxS\amd64_microsoft.windows.common-controls_6595b64144ccf1df_6.0.26100.7019_none_3e06ffa0e335b8a8;C:\Program Files\Java\jdk-17\bin\server

VM Arguments:
jvm_args: -ea -Dfile.encoding=UTF-8 -Dstdout.encoding=UTF-8 -Dstderr.encoding=UTF-8 -XX:+ShowCodeDetailsInExceptionMessages 
java_command: org.testng.remote.RemoteTestNG -serport 61594 -protocol json -d C:\Users\salma\git\GroceryApplication\GroceryApplication\test-output C:\Users\salma\git\GroceryApplication\GroceryApplication\paralleltesting_methods.xml
java_class_path (initial): C:\Users\salma\eclipse\java-2025-06\eclipse\configuration\org.eclipse.osgi\525\0\.cp\lib\testng-remote.jar;C:\Users\salma\git\GroceryApplication\GroceryApplication\target\test-classes;C:\Users\salma\git\GroceryApplication\GroceryApplication\target\classes;C:\Users\salma\.m2\repository\org\seleniumhq\selenium\selenium-java\4.34.0\selenium-java-4.34.0.jar;C:\Users\salma\.m2\repository\org\seleniumhq\selenium\selenium-api\4.34.0\selenium-api-4.34.0.jar;C:\Users\salma\.m2\repository\org\jspecify\jspecify\1.0.0\jspecify-1.0.0.jar;C:\Users\salma\.m2\repository\org\seleniumhq\selenium\selenium-chrome-driver\4.34.0\selenium-chrome-driver-4.34.0.jar;C:\Users\salma\.m2\repository\com\google\auto\service\auto-service-annotations\1.1.1\auto-service-annotations-1.1.1.jar;C:\Users\salma\.m2\repository\org\seleniumhq\selenium\selenium-chromium-driver\4.34.0\selenium-chromium-driver-4.34.0.jar;C:\Users\salma\.m2\repository\org\seleniumhq\selenium\selenium-json\4.34.0\selenium-json-4.34.0.jar;C:\Users\salma\.m2\repository\org\seleniumhq\selenium\selenium-manager\4.34.0\selenium-manager-4.34.0.jar;C:\Users\salma\.m2\repository\org\seleniumhq\selenium\selenium-devtools-v136\4.34.0\selenium-devtools-v136-4.34.0.jar;C:\Users\salma\.m2\repository\org\seleniumhq\selenium\selenium-devtools-v137\4.34.0\selenium-devtools-v137-4.34.0.jar;C:\Users\salma\.m2\repository\org\seleniumhq\selenium\selenium-devtools-v138\4.34.0\selenium-devtools-v138-4.34.0.jar;C:\Users\salma\.m2\repository\org\seleniumhq\selenium\selenium-edge-driver\4.34.0\selenium-edge-driver-4.34.0.jar;C:\Users\salma\.m2\repository\org\seleniumhq\selenium\selenium-firefox-driver\4.34.0\selenium-firefox-driver-4.34.0.jar;C:\Users\salma\.m2\repository\org\seleniumhq\selenium\selenium-http\4.34.0\selenium-http-4.34.0.jar;C:\Users\salma\.m2\repository\org\seleniumhq\selenium\selenium-ie-driver\4.34.0\selenium-ie-driver-4.34.0.jar;C:\Users\salma\.m2\repository\org\seleniumhq\selenium\selenium-remote-driver
Launcher Type: SUN_STANDARD

[Global flags]
     intx CICompilerCount                          = 4                                         {product} {ergonomic}
     uint ConcGCThreads                            = 2                                         {product} {ergonomic}
     uint G1ConcRefinementThreads                  = 8                                         {product} {ergonomic}
   size_t G1HeapRegionSize                         = 2097152                                   {product} {ergonomic}
    uintx GCDrainStackTargetSize                   = 64                                        {product} {ergonomic}
   size_t InitialHeapSize                          = 264241152                                 {product} {ergonomic}
   size_t MarkStackSize                            = 4194304                                   {product} {ergonomic}
   size_t MaxHeapSize                              = 4227858432                                {product} {ergonomic}
   size_t MinHeapDeltaBytes                        = 2097152                                   {product} {ergonomic}
   size_t MinHeapSize                              = 8388608                                   {product} {ergonomic}
    uintx NonNMethodCodeHeapSize                   = 5839372                                {pd product} {ergonomic}
    uintx NonProfiledCodeHeapSize                  = 122909434                              {pd product} {ergonomic}
    uintx ProfiledCodeHeapSize                     = 122909434                              {pd product} {ergonomic}
    uintx ReservedCodeCacheSize                    = 251658240                              {pd product} {ergonomic}
     bool SegmentedCodeCache                       = true                                      {product} {ergonomic}
     bool ShowCodeDetailsInExceptionMessages       = true                                   {manageable} {command line}
   size_t SoftMaxHeapSize                          = 4227858432                             {manageable} {ergonomic}
     bool UseCompressedClassPointers               = true                           {product lp64_product} {ergonomic}
     bool UseCompressedOops                        = true                           {product lp64_product} {ergonomic}
     bool UseG1GC                                  = true                                      {product} {ergonomic}
     bool UseLargePagesIndividualAllocation        = false                                  {pd product} {ergonomic}

Logging:
Log output configuration:
 #0: stdout all=warning uptime,level,tags
 #1: stderr all=off uptime,level,tags

Environment Variables:
PATH=C:/Users/salma/.p2/pool/plugins/org.eclipse.justj.openjdk.hotspot.jre.full.win32.x86_64_21.0.7.v20250502-0916/jre/bin/server;C:/Users/salma/.p2/pool/plugins/org.eclipse.justj.openjdk.hotspot.jre.full.win32.x86_64_21.0.7.v20250502-0916/jre/bin;C:\Program Files\Common Files\Oracle\Java\javapath;C:\WINDOWS\system32;C:\WINDOWS;C:\WINDOWS\System32\Wbem;C:\WINDOWS\System32\WindowsPowerShell\v1.0\;C:\WINDOWS\System32\OpenSSH\;C:\Program Files\maven\apache-maven-3.9.10\bin;C:\Program Files\Git\cmd;C:\Users\salma\AppData\Local\Programs\Python\Launcher\;C:\Users\salma\AppData\Local\Microsoft\WindowsApps;;C:\Users\salma\Desktop\Microsoft VS Code\bin;C:\Program Files\JetBrains\PyCharm 2024.1\bin;;C:\Users\salma\Desktop;
USERNAME=user1
OS=Windows_NT
PROCESSOR_IDENTIFIER=Intel64 Family 6 Model 140 Stepping 2, GenuineIntel



---------------  S Y S T E M  ---------------

OS:
 Windows 11 , 64 bit Build 26100 (10.0.26100.7019)
OS uptime: 0 days 0:57 hours

CPU: total 8 (initial active 8) (4 cores per cpu, 2 threads per core) family 6 model 140 stepping 2 microcode 0x22, cx8, cmov, fxsr, ht, mmx, 3dnowpref, sse, sse2, sse3, ssse3, sse4.1, sse4.2, popcnt, lzcnt, tsc, tscinvbit, avx, avx2, aes, erms, clmul, bmi1, bmi2, adx, avx512f, avx512dq, avx512cd, avx512bw, avx512vl, sha, fma, vzeroupper, avx512_vpopcntdq, avx512_vpclmulqdq, avx512_vaes, avx512_vnni, clflush, clflushopt, clwb, avx512_vbmi2, avx512_vbmi

Memory: 4k page, system-wide physical 16126M (1954M free)
TotalPageFile size 17564M (AvailPageFile size 218M)
current process WorkingSet (physical memory assigned to process): 12M, peak: 12M
current process commit charge ("private bytes"): 60M, peak: 312M

vm_info: Java HotSpot(TM) 64-Bit Server VM (17.0.15+9-LTS-241) for windows-amd64 JRE (17.0.15+9-LTS-241), built on Feb 20 2025 10:49:54 by "mach5one" with MS VC++ 17.6 (VS2022)

END.
